-- The C compiler identification is GNU 11.4.0
-- The CXX compiler identification is GNU 11.4.0
-- Detecting C compiler ABI info
-- Detecting C compiler ABI info - done
-- Check for working C compiler: /usr/bin/cc - skipped
-- Detecting C compile features
-- Detecting C compile features - done
-- Detecting CXX compiler ABI info
-- Detecting CXX compiler ABI info - done
-- Check for working CXX compiler: /usr/bin/c++ - skipped
-- Detecting CXX compile features
-- Detecting CXX compile features - done
-- Found ament_cmake: 1.3.10 (/opt/ros/humble/share/ament_cmake/cmake)
-- Found Python3: /usr/bin/python3 (found version "3.10.12") found components: Interpreter 
-- Found rclcpp: 16.0.10 (/opt/ros/humble/share/rclcpp/cmake)
-- Found rosidl_generator_c: 3.1.5 (/opt/ros/humble/share/rosidl_generator_c/cmake)
-- Found rosidl_adapter: 3.1.5 (/opt/ros/humble/share/rosidl_adapter/cmake)
-- Found rosidl_generator_cpp: 3.1.5 (/opt/ros/humble/share/rosidl_generator_cpp/cmake)
-- Using all available rosidl_typesupport_c: rosidl_typesupport_fastrtps_c;rosidl_typesupport_introspection_c
-- Using all available rosidl_typesupport_cpp: rosidl_typesupport_fastrtps_cpp;rosidl_typesupport_introspection_cpp
-- Found rmw_implementation_cmake: 6.1.2 (/opt/ros/humble/share/rmw_implementation_cmake/cmake)
-- Found rmw_fastrtps_cpp: 6.2.7 (/opt/ros/humble/share/rmw_fastrtps_cpp/cmake)
-- Found OpenSSL: /usr/lib/aarch64-linux-gnu/libcrypto.so (found version "3.0.2")  
-- Found FastRTPS: /opt/ros/humble/include  
-- Using RMW implementation 'rmw_fastrtps_cpp' as default
-- Looking for pthread.h
-- Looking for pthread.h - found
-- Performing Test CMAKE_HAVE_LIBC_PTHREAD
-- Performing Test CMAKE_HAVE_LIBC_PTHREAD - Success
-- Found Threads: TRUE  
-- Configuring done
-- Generating done
-- Build files have been written to: /home/opi/GitHub/Barometer/ros2_ws/build/barometer
[ 33%] [32mBuilding CXX object CMakeFiles/talker.dir/src/OPI_IMU.cpp.o[0m
[ 66%] [32mBuilding CXX object CMakeFiles/talker.dir/src/baropublisher.cpp.o[0m
[01m[K/home/opi/GitHub/Barometer/ros2_ws/src/barometer/src/baropublisher.cpp:41:42:[m[K [01;31m[Kerror: [m[Kâ€˜[01m[KString[m[Kâ€™ is not a member of â€˜[01m[Kstd_msgs::msg[m[Kâ€™
   41 |         rclcpp::Publisher<std_msgs::msg::[01;31m[KString[m[K>:: SharedPtr publisher_;
      |                                          [01;31m[K^~~~~~[m[K
[01m[K/home/opi/GitHub/Barometer/ros2_ws/src/barometer/src/baropublisher.cpp:41:48:[m[K [01;31m[Kerror: [m[Ktemplate argument 1 is invalid
   41 |         rclcpp::Publisher<std_msgs::msg::String[01;31m[K>[m[K:: SharedPtr publisher_;
      |                                                [01;31m[K^[m[K
[01m[K/home/opi/GitHub/Barometer/ros2_ws/src/barometer/src/baropublisher.cpp:41:52:[m[K [01;31m[Kerror: [m[Kexpected â€˜[01m[K;[m[Kâ€™ at end of member declaration
   41 |         rclcpp::Publisher<std_msgs::msg::String>:: [01;31m[KSharedPtr[m[K publisher_;
      |                                                    [01;31m[K^~~~~~~~~[m[K
      |                                                             [32m[K;[m[K
[01m[K/home/opi/GitHub/Barometer/ros2_ws/src/barometer/src/baropublisher.cpp:41:62:[m[K [01;31m[Kerror: [m[Kâ€˜[01m[Kpublisher_[m[Kâ€™ does not name a type; did you mean â€˜[01m[Kbaropublisher[m[Kâ€™?
   41 |         rclcpp::Publisher<std_msgs::msg::String>:: SharedPtr [01;31m[Kpublisher_[m[K;
      |                                                              [01;31m[K^~~~~~~~~~[m[K
      |                                                              [32m[Kbaropublisher[m[K
[01m[K/home/opi/GitHub/Barometer/ros2_ws/src/barometer/src/baropublisher.cpp:[m[K In constructor â€˜[01m[Kbaropublisher::baropublisher()[m[Kâ€™:
[01m[K/home/opi/GitHub/Barometer/ros2_ws/src/barometer/src/baropublisher.cpp:24:25:[m[K [01;31m[Kerror: [m[Kâ€˜[01m[Kpublisher_[m[Kâ€™ was not declared in this scope; did you mean â€˜[01m[Kbaropublisher[m[Kâ€™?
   24 |                         [01;31m[Kpublisher_[m[K = this->create_publisher<std_msgs::msg::Float64>("/Barometer/reading",10);
      |                         [01;31m[K^~~~~~~~~~[m[K
      |                         [32m[Kbaropublisher[m[K
In file included from [01m[K/opt/ros/humble/include/rclcpp/rclcpp/logging.hpp:24[m[K,
                 from [01m[K/opt/ros/humble/include/rclcpp/rclcpp/client.hpp:40[m[K,
                 from [01m[K/opt/ros/humble/include/rclcpp/rclcpp/callback_group.hpp:24[m[K,
                 from [01m[K/opt/ros/humble/include/rclcpp/rclcpp/any_executable.hpp:20[m[K,
                 from [01m[K/opt/ros/humble/include/rclcpp/rclcpp/memory_strategy.hpp:25[m[K,
                 from [01m[K/opt/ros/humble/include/rclcpp/rclcpp/memory_strategies.hpp:18[m[K,
                 from [01m[K/opt/ros/humble/include/rclcpp/rclcpp/executor_options.hpp:20[m[K,
                 from [01m[K/opt/ros/humble/include/rclcpp/rclcpp/executor.hpp:37[m[K,
                 from [01m[K/opt/ros/humble/include/rclcpp/rclcpp/executors/multi_threaded_executor.hpp:25[m[K,
                 from [01m[K/opt/ros/humble/include/rclcpp/rclcpp/executors.hpp:21[m[K,
                 from [01m[K/opt/ros/humble/include/rclcpp/rclcpp/rclcpp.hpp:155[m[K,
                 from [01m[K/home/opi/GitHub/Barometer/ros2_ws/src/barometer/src/baropublisher.cpp:10[m[K:
[01m[K/home/opi/GitHub/Barometer/ros2_ws/src/barometer/src/baropublisher.cpp:[m[K In member function â€˜[01m[Kvoid baropublisher::timer_callback()[m[Kâ€™:
[01m[K/home/opi/GitHub/Barometer/ros2_ws/src/barometer/src/baropublisher.cpp:36:57:[m[K [01;35m[Kwarning: [m[Kformat â€˜[01m[K%s[m[Kâ€™ expects argument of type â€˜[01m[Kchar*[m[Kâ€™, but argument 5 has type â€˜[01m[Kstd_msgs::msg::Float64_<std::allocator<void> >::_data_type[m[Kâ€™ {aka â€˜[01m[Kdouble[m[Kâ€™} [[01;35m[K]8;;https://gcc.gnu.org/onlinedocs/gcc/Warning-Options.html#index-Wformat=-Wformat=]8;;[m[K]
   36 |                         RCLCPP_INFO(this->get_logger(), [01;35m[K"Publishing: '%s'"[m[K, [32m[Kmessage.data[m[K);
      |                                                         [01;35m[K^~~~~~~~~~~~~~~~~~[m[K  [32m[K~~~~~~~~~~~~[m[K
      |                                                                                     [32m[K|[m[K
      |                                                                                     [32m[Kstd_msgs::msg::Float64_<std::allocator<void> >::_data_type {aka double}[m[K
[01m[K/home/opi/GitHub/Barometer/ros2_ws/src/barometer/src/baropublisher.cpp:36:72:[m[K [01;36m[Knote: [m[Kformat string is defined here
   36 |                         RCLCPP_INFO(this->get_logger(), "Publishing: '[01;36m[K%s[m[K'", message.data);
      |                                                                       [01;36m[K~^[m[K
      |                                                                        [01;36m[K|[m[K
      |                                                                        [01;36m[Kchar*[m[K
      |                                                                       [32m[K%f[m[K
[01m[K/home/opi/GitHub/Barometer/ros2_ws/src/barometer/src/baropublisher.cpp:37:25:[m[K [01;31m[Kerror: [m[Kâ€˜[01m[Kpublisher_[m[Kâ€™ was not declared in this scope; did you mean â€˜[01m[Kbaropublisher[m[Kâ€™?
   37 |                         [01;31m[Kpublisher_[m[K->publish(message);
      |                         [01;31m[K^~~~~~~~~~[m[K
      |                         [32m[Kbaropublisher[m[K
gmake[2]: *** [CMakeFiles/talker.dir/build.make:76: CMakeFiles/talker.dir/src/baropublisher.cpp.o] Error 1
gmake[1]: *** [CMakeFiles/Makefile2:137: CMakeFiles/talker.dir/all] Error 2
gmake: *** [Makefile:146: all] Error 2
