[0.016s] Invoking command in '/home/opi/GitHub/Barometer/ros2_ws/build/barometer': CMAKE_PREFIX_PATH=${CMAKE_PREFIX_PATH}:/opt/ros/humble /usr/bin/cmake /home/opi/GitHub/Barometer/ros2_ws/src/barometer -DCMAKE_INSTALL_PREFIX=/home/opi/GitHub/Barometer/ros2_ws/install/barometer
[0.151s] -- The C compiler identification is GNU 11.4.0
[0.267s] -- The CXX compiler identification is GNU 11.4.0
[0.293s] -- Detecting C compiler ABI info
[0.491s] -- Detecting C compiler ABI info - done
[0.501s] -- Check for working C compiler: /usr/bin/cc - skipped
[0.501s] -- Detecting C compile features
[0.502s] -- Detecting C compile features - done
[0.506s] -- Detecting CXX compiler ABI info
[0.695s] -- Detecting CXX compiler ABI info - done
[0.705s] -- Check for working CXX compiler: /usr/bin/c++ - skipped
[0.706s] -- Detecting CXX compile features
[0.706s] -- Detecting CXX compile features - done
[0.710s] -- Found ament_cmake: 1.3.10 (/opt/ros/humble/share/ament_cmake/cmake)
[1.024s] -- Found Python3: /usr/bin/python3 (found version "3.10.12") found components: Interpreter 
[1.169s] -- Found rclcpp: 16.0.10 (/opt/ros/humble/share/rclcpp/cmake)
[1.224s] -- Found rosidl_generator_c: 3.1.5 (/opt/ros/humble/share/rosidl_generator_c/cmake)
[1.230s] -- Found rosidl_adapter: 3.1.5 (/opt/ros/humble/share/rosidl_adapter/cmake)
[1.241s] -- Found rosidl_generator_cpp: 3.1.5 (/opt/ros/humble/share/rosidl_generator_cpp/cmake)
[1.257s] -- Using all available rosidl_typesupport_c: rosidl_typesupport_fastrtps_c;rosidl_typesupport_introspection_c
[1.278s] -- Using all available rosidl_typesupport_cpp: rosidl_typesupport_fastrtps_cpp;rosidl_typesupport_introspection_cpp
[1.336s] -- Found rmw_implementation_cmake: 6.1.2 (/opt/ros/humble/share/rmw_implementation_cmake/cmake)
[1.340s] -- Found rmw_fastrtps_cpp: 6.2.7 (/opt/ros/humble/share/rmw_fastrtps_cpp/cmake)
[1.507s] -- Found OpenSSL: /usr/lib/aarch64-linux-gnu/libcrypto.so (found version "3.0.2")  
[1.548s] -- Found FastRTPS: /opt/ros/humble/include  
[1.609s] -- Using RMW implementation 'rmw_fastrtps_cpp' as default
[1.619s] -- Looking for pthread.h
[1.813s] -- Looking for pthread.h - found
[1.814s] -- Performing Test CMAKE_HAVE_LIBC_PTHREAD
[2.036s] -- Performing Test CMAKE_HAVE_LIBC_PTHREAD - Success
[2.040s] -- Found Threads: TRUE  
[2.247s] -- Configuring done
[2.260s] -- Generating done
[2.262s] -- Build files have been written to: /home/opi/GitHub/Barometer/ros2_ws/build/barometer
[2.282s] Invoked command in '/home/opi/GitHub/Barometer/ros2_ws/build/barometer' returned '0': CMAKE_PREFIX_PATH=${CMAKE_PREFIX_PATH}:/opt/ros/humble /usr/bin/cmake /home/opi/GitHub/Barometer/ros2_ws/src/barometer -DCMAKE_INSTALL_PREFIX=/home/opi/GitHub/Barometer/ros2_ws/install/barometer
[2.284s] Invoking command in '/home/opi/GitHub/Barometer/ros2_ws/build/barometer': CMAKE_PREFIX_PATH=${CMAKE_PREFIX_PATH}:/opt/ros/humble /usr/bin/cmake --build /home/opi/GitHub/Barometer/ros2_ws/build/barometer -- -j8 -l8
[2.416s] [ 33%] [32mBuilding CXX object CMakeFiles/talker.dir/src/OPI_IMU.cpp.o[0m
[2.429s] [ 66%] [32mBuilding CXX object CMakeFiles/talker.dir/src/baropublisher.cpp.o[0m
[5.778s] [01m[K/home/opi/GitHub/Barometer/ros2_ws/src/barometer/src/baropublisher.cpp:41:42:[m[K [01;31m[Kerror: [m[Kâ€˜[01m[KString[m[Kâ€™ is not a member of â€˜[01m[Kstd_msgs::msg[m[Kâ€™
[5.778s]    41 |         rclcpp::Publisher<std_msgs::msg::[01;31m[KString[m[K>:: SharedPtr publisher_;
[5.778s]       |                                          [01;31m[K^~~~~~[m[K
[5.778s] [01m[K/home/opi/GitHub/Barometer/ros2_ws/src/barometer/src/baropublisher.cpp:41:48:[m[K [01;31m[Kerror: [m[Ktemplate argument 1 is invalid
[5.778s]    41 |         rclcpp::Publisher<std_msgs::msg::String[01;31m[K>[m[K:: SharedPtr publisher_;
[5.779s]       |                                                [01;31m[K^[m[K
[5.779s] [01m[K/home/opi/GitHub/Barometer/ros2_ws/src/barometer/src/baropublisher.cpp:41:52:[m[K [01;31m[Kerror: [m[Kexpected â€˜[01m[K;[m[Kâ€™ at end of member declaration
[5.779s]    41 |         rclcpp::Publisher<std_msgs::msg::String>:: [01;31m[KSharedPtr[m[K publisher_;
[5.779s]       |                                                    [01;31m[K^~~~~~~~~[m[K
[5.779s]       |                                                             [32m[K;[m[K
[5.782s] [01m[K/home/opi/GitHub/Barometer/ros2_ws/src/barometer/src/baropublisher.cpp:41:62:[m[K [01;31m[Kerror: [m[Kâ€˜[01m[Kpublisher_[m[Kâ€™ does not name a type; did you mean â€˜[01m[Kbaropublisher[m[Kâ€™?
[5.782s]    41 |         rclcpp::Publisher<std_msgs::msg::String>:: SharedPtr [01;31m[Kpublisher_[m[K;
[5.782s]       |                                                              [01;31m[K^~~~~~~~~~[m[K
[5.782s]       |                                                              [32m[Kbaropublisher[m[K
[5.794s] [01m[K/home/opi/GitHub/Barometer/ros2_ws/src/barometer/src/baropublisher.cpp:[m[K In constructor â€˜[01m[Kbaropublisher::baropublisher()[m[Kâ€™:
[5.794s] [01m[K/home/opi/GitHub/Barometer/ros2_ws/src/barometer/src/baropublisher.cpp:24:25:[m[K [01;31m[Kerror: [m[Kâ€˜[01m[Kpublisher_[m[Kâ€™ was not declared in this scope; did you mean â€˜[01m[Kbaropublisher[m[Kâ€™?
[5.794s]    24 |                         [01;31m[Kpublisher_[m[K = this->create_publisher<std_msgs::msg::Float64>("/Barometer/reading",10);
[5.794s]       |                         [01;31m[K^~~~~~~~~~[m[K
[5.794s]       |                         [32m[Kbaropublisher[m[K
[5.815s] In file included from [01m[K/opt/ros/humble/include/rclcpp/rclcpp/logging.hpp:24[m[K,
[5.815s]                  from [01m[K/opt/ros/humble/include/rclcpp/rclcpp/client.hpp:40[m[K,
[5.815s]                  from [01m[K/opt/ros/humble/include/rclcpp/rclcpp/callback_group.hpp:24[m[K,
[5.815s]                  from [01m[K/opt/ros/humble/include/rclcpp/rclcpp/any_executable.hpp:20[m[K,
[5.815s]                  from [01m[K/opt/ros/humble/include/rclcpp/rclcpp/memory_strategy.hpp:25[m[K,
[5.815s]                  from [01m[K/opt/ros/humble/include/rclcpp/rclcpp/memory_strategies.hpp:18[m[K,
[5.815s]                  from [01m[K/opt/ros/humble/include/rclcpp/rclcpp/executor_options.hpp:20[m[K,
[5.816s]                  from [01m[K/opt/ros/humble/include/rclcpp/rclcpp/executor.hpp:37[m[K,
[5.816s]                  from [01m[K/opt/ros/humble/include/rclcpp/rclcpp/executors/multi_threaded_executor.hpp:25[m[K,
[5.816s]                  from [01m[K/opt/ros/humble/include/rclcpp/rclcpp/executors.hpp:21[m[K,
[5.816s]                  from [01m[K/opt/ros/humble/include/rclcpp/rclcpp/rclcpp.hpp:155[m[K,
[5.816s]                  from [01m[K/home/opi/GitHub/Barometer/ros2_ws/src/barometer/src/baropublisher.cpp:10[m[K:
[5.816s] [01m[K/home/opi/GitHub/Barometer/ros2_ws/src/barometer/src/baropublisher.cpp:[m[K In member function â€˜[01m[Kvoid baropublisher::timer_callback()[m[Kâ€™:
[5.816s] [01m[K/home/opi/GitHub/Barometer/ros2_ws/src/barometer/src/baropublisher.cpp:36:57:[m[K [01;35m[Kwarning: [m[Kformat â€˜[01m[K%s[m[Kâ€™ expects argument of type â€˜[01m[Kchar*[m[Kâ€™, but argument 5 has type â€˜[01m[Kstd_msgs::msg::Float64_<std::allocator<void> >::_data_type[m[Kâ€™ {aka â€˜[01m[Kdouble[m[Kâ€™} [[01;35m[K]8;;https://gcc.gnu.org/onlinedocs/gcc/Warning-Options.html#index-Wformat=-Wformat=]8;;[m[K]
[5.816s]    36 |                         RCLCPP_INFO(this->get_logger(), [01;35m[K"Publishing: '%s'"[m[K, [32m[Kmessage.data[m[K);
[5.816s]       |                                                         [01;35m[K^~~~~~~~~~~~~~~~~~[m[K  [32m[K~~~~~~~~~~~~[m[K
[5.816s]       |                                                                                     [32m[K|[m[K
[5.816s]       |                                                                                     [32m[Kstd_msgs::msg::Float64_<std::allocator<void> >::_data_type {aka double}[m[K
[5.816s] [01m[K/home/opi/GitHub/Barometer/ros2_ws/src/barometer/src/baropublisher.cpp:36:72:[m[K [01;36m[Knote: [m[Kformat string is defined here
[5.816s]    36 |                         RCLCPP_INFO(this->get_logger(), "Publishing: '[01;36m[K%s[m[K'", message.data);
[5.817s]       |                                                                       [01;36m[K~^[m[K
[5.817s]       |                                                                        [01;36m[K|[m[K
[5.817s]       |                                                                        [01;36m[Kchar*[m[K
[5.817s]       |                                                                       [32m[K%f[m[K
[5.826s] [01m[K/home/opi/GitHub/Barometer/ros2_ws/src/barometer/src/baropublisher.cpp:37:25:[m[K [01;31m[Kerror: [m[Kâ€˜[01m[Kpublisher_[m[Kâ€™ was not declared in this scope; did you mean â€˜[01m[Kbaropublisher[m[Kâ€™?
[5.826s]    37 |                         [01;31m[Kpublisher_[m[K->publish(message);
[5.826s]       |                         [01;31m[K^~~~~~~~~~[m[K
[5.826s]       |                         [32m[Kbaropublisher[m[K
[6.804s] gmake[2]: *** [CMakeFiles/talker.dir/build.make:76: CMakeFiles/talker.dir/src/baropublisher.cpp.o] Error 1
[6.805s] gmake[1]: *** [CMakeFiles/Makefile2:137: CMakeFiles/talker.dir/all] Error 2
[6.805s] gmake: *** [Makefile:146: all] Error 2
[6.809s] Invoked command in '/home/opi/GitHub/Barometer/ros2_ws/build/barometer' returned '2': CMAKE_PREFIX_PATH=${CMAKE_PREFIX_PATH}:/opt/ros/humble /usr/bin/cmake --build /home/opi/GitHub/Barometer/ros2_ws/build/barometer -- -j8 -l8
